<?xml version="1.0" encoding="UTF-8" ?>
<testsuite errors="0" failures="0" hostname="peters-powermac-5.local" name="edu.uml.project90308.businesslogic.UserInfoTest" tests="3" time="0.055" timestamp="2012-10-05T20:53:53">
  <properties>
    <property name="java.vendor" value="Apple Inc." />
    <property name="lib.dir" value="lib" />
    <property name="sun.java.launcher" value="SUN_STANDARD" />
    <property name="sun.management.compiler" value="HotSpot 64-Bit Tiered Compilers" />
    <property name="os.name" value="Mac OS X" />
    <property name="sun.boot.class.path" value="/System/Library/Java/JavaVirtualMachines/1.6.0.jdk/Contents/Classes/jsfd.jar:/System/Library/Java/JavaVirtualMachines/1.6.0.jdk/Contents/Classes/classes.jar:/System/Library/Frameworks/JavaVM.framework/Frameworks/JavaRuntimeSupport.framework/Resources/Java/JavaRuntimeSupport.jar:/System/Library/Java/JavaVirtualMachines/1.6.0.jdk/Contents/Classes/ui.jar:/System/Library/Java/JavaVirtualMachines/1.6.0.jdk/Contents/Classes/laf.jar:/System/Library/Java/JavaVirtualMachines/1.6.0.jdk/Contents/Classes/sunrsasign.jar:/System/Library/Java/JavaVirtualMachines/1.6.0.jdk/Contents/Classes/jsse.jar:/System/Library/Java/JavaVirtualMachines/1.6.0.jdk/Contents/Classes/jce.jar:/System/Library/Java/JavaVirtualMachines/1.6.0.jdk/Contents/Classes/charsets.jar" />
    <property name="env.TMPDIR" value="/var/folders/C6/C69vUlzAFyKat2YJ8MV6OU+++TI/-Tmp-/" />
    <property name="java.vm.specification.vendor" value="Sun Microsystems Inc." />
    <property name="ant.home" value="/Applications/IntelliJ IDEA 11.app/lib/ant" />
    <property name="java.runtime.version" value="1.6.0_35-b10-428-10M3811" />
    <property name="env.JAVA_MAIN_CLASS_42959" value="com.intellij.rt.ant.execution.AntMain2" />
    <property name="env.Apple_PubSub_Socket_Render" value="/tmp/launch-wTM1qf/Render" />
    <property name="env.DISPLAY" value="/tmp/launch-wJFygl/org.x:0" />
    <property name="user.name" value="pgmartin" />
    <property name="env.USER" value="pgmartin" />
    <property name="env.SHELL" value="/bin/bash" />
    <property name="env.__CF_USER_TEXT_ENCODING" value="0x1F5:0:0" />
    <property name="awt.nativeDoubleBuffering" value="true" />
    <property name="build.dir" value="build" />
    <property name="env.PATH" value="/usr/bin:/bin:/usr/sbin:/sbin" />
    <property name="env.JAVA_LIBRARY_PATH" value="/Applications/IntelliJ IDEA 11.app/Contents/Resources/Java:/System/Library/PrivateFrameworks/JavaApplicationLauncher.framework/Resources" />
    <property name="user.language" value="en" />
    <property name="sun.boot.library.path" value="/System/Library/Java/JavaVirtualMachines/1.6.0.jdk/Contents/Libraries" />
    <property name="ant.project.default-target" value="all" />
    <property name="ant.project.name" value="Stock Market Porfolio" />
    <property name="java.version" value="1.6.0_35" />
    <property name="user.timezone" value="" />
    <property name="sun.arch.data.model" value="64" />
    <property name="http.nonProxyHosts" value="local|*.local|169.254/16|*.169.254/16" />
    <property name="java.endorsed.dirs" value="/System/Library/Java/JavaVirtualMachines/1.6.0.jdk/Contents/Home/lib/endorsed" />
    <property name="sun.cpu.isalist" value="" />
    <property name="sun.jnu.encoding" value="MacRoman" />
    <property name="file.encoding.pkg" value="sun.io" />
    <property name="file.separator" value="/" />
    <property name="java.specification.name" value="Java Platform API Specification" />
    <property name="classes.dir" value="build/classes" />
    <property name="java.class.version" value="50.0" />
    <property name="user.country" value="US" />
    <property name="java.home" value="/System/Library/Java/JavaVirtualMachines/1.6.0.jdk/Contents/Home" />
    <property name="dist.dir" value="dist" />
    <property name="java.vm.info" value="mixed mode" />
    <property name="env.LOGNAME" value="pgmartin" />
    <property name="ant.file" value="/Users/pgmartin/UML/90.308/StockMarketPortfolio/build.xml" />
    <property name="os.version" value="10.6.8" />
    <property name="test_failure" value="true" />
    <property name="path.separator" value=":" />
    <property name="java.vm.version" value="20.10-b01-428" />
    <property name="servlet.jar" value="/Users/pgmartin/UML/90.308/StockMarketPortfolio/${env.JBOSS_HOME}/common/lib/servlet-api.jar" />
    <property name="report.dir" value="build/report" />
    <property name="web.dir" value="web" />
    <property name="ant.library.dir" value="/Applications/IntelliJ IDEA 11.app/lib/ant/lib" />
    <property name="java.awt.printerjob" value="apple.awt.CPrinterJob" />
    <property name="ant.file.Stock Market Porfolio" value="/Users/pgmartin/UML/90.308/StockMarketPortfolio/build.xml" />
    <property name="sun.io.unicode.encoding" value="UnicodeLittle" />
    <property name="jboss.deploy" value="/Users/pgmartin/UML/90.308/StockMarketPortfolio/${env.JBOSS_HOME}/server/default/deploy/applications" />
    <property name="awt.toolkit" value="apple.awt.CToolkit" />
    <property name="socksNonProxyHosts" value="local|*.local|169.254/16|*.169.254/16" />
    <property name="ftp.nonProxyHosts" value="local|*.local|169.254/16|*.169.254/16" />
    <property name="user.home" value="/Users/pgmartin" />
    <property name="java.specification.vendor" value="Sun Microsystems Inc." />
    <property name="jboss.home" value="/Users/pgmartin/UML/90.308/StockMarketPortfolio/${env.JBOSS_HOME}" />
    <property name="java.library.path" value="/Applications/IntelliJ IDEA 11.app/Contents/Resources/Java:/System/Library/PrivateFrameworks/JavaApplicationLauncher.framework/Resources:.:/Library/Java/Extensions:/System/Library/Java/Extensions:/usr/lib/java" />
    <property name="java.vendor.url" value="http://www.apple.com/" />
    <property name="java.vm.vendor" value="Apple Inc." />
    <property name="gopherProxySet" value="false" />
    <property name="java.runtime.name" value="Java(TM) SE Runtime Environment" />
    <property name="sun.java.command" value="org.apache.tools.ant.taskdefs.optional.junit.JUnitTestRunner edu.uml.project90308.businesslogic.UserInfoTest filtertrace=true haltOnError=false haltOnFailure=false formatter=org.apache.tools.ant.taskdefs.optional.junit.SummaryJUnitResultFormatter showoutput=true outputtoformatters=true logfailedtests=true logtestlistenerevents=false formatter=org.apache.tools.ant.taskdefs.optional.junit.XMLJUnitResultFormatter,/Users/pgmartin/UML/90.308/StockMarketPortfolio/build/report/TEST-edu.uml.project90308.businesslogic.UserInfoTest.xml crashfile=/Users/pgmartin/UML/90.308/StockMarketPortfolio/junitvmwatcher6568959171461848414.properties propsfile=/Users/pgmartin/UML/90.308/StockMarketPortfolio/junit8640094538777599657.properties" />
    <property name="java.class.path" value="/Users/pgmartin/UML/90.308/StockMarketPortfolio/build/classes:/Users/pgmartin/UML/90.308/StockMarketPortfolio/lib/commons-io-2.4.jar:/Users/pgmartin/UML/90.308/StockMarketPortfolio/lib/junit-4.11-SNAPSHOT-20120416-1530.jar:/Applications/IntelliJ IDEA 11.app/lib/ant/lib/ant-launcher.jar:/Applications/IntelliJ IDEA 11.app/lib/ant/lib/ant.jar:/Applications/IntelliJ IDEA 11.app/lib/ant/lib/ant-junit.jar" />
    <property name="ant.version" value="Apache Ant(TM) version 1.8.2 compiled on December 20 2010" />
    <property name="env.com.apple.java.jvmMode" value="client" />
    <property name="jboss.common.lib" value="/Users/pgmartin/UML/90.308/StockMarketPortfolio/${env.JBOSS_HOME}/common/lib" />
    <property name="java.vm.specification.name" value="Java Virtual Machine Specification" />
    <property name="jdk.home" value="/Users/pgmartin/UML/90.308/StockMarketPortfolio/${env.JAVA_HOME}" />
    <property name="ant.file.type" value="file" />
    <property name="java.vm.specification.version" value="1.0" />
    <property name="sun.cpu.endian" value="little" />
    <property name="sun.os.patch.level" value="unknown" />
    <property name="env.HOME" value="/Users/pgmartin" />
    <property name="java.io.tmpdir" value="/var/folders/C6/C69vUlzAFyKat2YJ8MV6OU+++TI/-Tmp-/" />
    <property name="java.vendor.url.bug" value="http://bugreport.apple.com/" />
    <property name="env.SSH_AUTH_SOCK" value="/tmp/launch-RVcUGF/Listeners" />
    <property name="env.COMMAND_MODE" value="unix2003" />
    <property name="mrj.build" value="10M3811" />
    <property name="java.awt.graphicsenv" value="apple.awt.CGraphicsEnvironment" />
    <property name="os.arch" value="x86_64" />
    <property name="ant.file.type.Stock Market Porfolio" value="file" />
    <property name="java.ext.dirs" value="/Library/Java/Extensions:/System/Library/Java/Extensions:/System/Library/Java/JavaVirtualMachines/1.6.0.jdk/Contents/Home/lib/ext" />
    <property name="jboss.server.lib" value="/Users/pgmartin/UML/90.308/StockMarketPortfolio/${env.JBOSS_HOME}/server/default/lib" />
    <property name="env.com.apple.java.jvmTask" value="BundledApp.java" />
    <property name="mrj.version" value="1060.1.6.0_35-428" />
    <property name="user.dir" value="/Users/pgmartin/UML/90.308/StockMarketPortfolio" />
    <property name="line.separator" value="&#xa;" />
    <property name="java.vm.name" value="Java HotSpot(TM) 64-Bit Server VM" />
    <property name="webapp.context.dir" value="/Users/pgmartin/UML/90.308/StockMarketPortfolio/${env.JBOSS_HOME}/server/default/deploy/applications/StockMarketPortfolio" />
    <property name="basedir" value="/Users/pgmartin/UML/90.308/StockMarketPortfolio" />
    <property name="ant.java.version" value="1.6" />
    <property name="ant.core.lib" value="/Applications/IntelliJ IDEA 11.app/lib/ant/lib/ant.jar" />
    <property name="file.encoding" value="MacRoman" />
    <property name="java.specification.version" value="1.6" />
    <property name="src.dir" value="src" />
    <property name="ant.project.invoked-targets" value="all" />
    <property name="webapp.name" value="StockMarketPortfolio" />
  </properties>
  <testcase classname="edu.uml.project90308.businesslogic.UserInfoTest" name="testSetUserName" time="0.0020" />
  <testcase classname="edu.uml.project90308.businesslogic.UserInfoTest" name="testStockConstruction" time="0.0" />
  <testcase classname="edu.uml.project90308.businesslogic.UserInfoTest" name="testSetPassword" time="0.0" />
  <system-out><![CDATA[]]></system-out>
  <system-err><![CDATA[]]></system-err>
</testsuite>
